<?xml version="1.0" encoding="UTF-8"?>
<!-- Generated by org.testng.reporters.JUnitReportReporter -->
<testsuite hostname="LAPTOP-F7K33RPC" failures="0" tests="1" name="BankingDemo.BankingDemo_Automation" time="55.509" errors="0" timestamp="2021-08-07T10:33:11 IST" skipped="0">
  <testcase classname="BankingDemo.BankingDemo_Automation" name="BankingDemo" time="55.509"/>
  <system-out/>
</testsuite> <!-- BankingDemo.BankingDemo_Automation -->
